.\Debug\RTOSDemo.ilk
C:\work\FreeRTOS\FreeRTOS\Demo\WIN32-MSVC\.\Debug\RTOSDemo.exe
C:\work\FreeRTOS\FreeRTOS\Demo\WIN32-MSVC\.\Debug\RTOSDemo.exe.intermediate.manifest
C:\WORK\FREERTOS\FREERTOS\DEMO\WIN32-MSVC\DEBUG\ABORTDELAY.OBJ
C:\WORK\FREERTOS\FREERTOS\DEMO\WIN32-MSVC\DEBUG\BLOCKQ.OBJ
C:\WORK\FREERTOS\FREERTOS\DEMO\WIN32-MSVC\DEBUG\BLOCKTIM.OBJ
C:\work\FreeRTOS\FreeRTOS\Demo\WIN32-MSVC\Debug\cl.command.1.tlog
C:\work\FreeRTOS\FreeRTOS\Demo\WIN32-MSVC\Debug\CL.read.1.tlog
C:\work\FreeRTOS\FreeRTOS\Demo\WIN32-MSVC\Debug\CL.write.1.tlog
C:\WORK\FREERTOS\FREERTOS\DEMO\WIN32-MSVC\DEBUG\COUNTSEM.OBJ
C:\WORK\FREERTOS\FREERTOS\DEMO\WIN32-MSVC\DEBUG\CROUTINE.OBJ
C:\WORK\FREERTOS\FREERTOS\DEMO\WIN32-MSVC\DEBUG\DEATH.OBJ
C:\WORK\FREERTOS\FREERTOS\DEMO\WIN32-MSVC\DEBUG\DYNAMIC.OBJ
C:\WORK\FREERTOS\FREERTOS\DEMO\WIN32-MSVC\DEBUG\EVENT_GROUPS.OBJ
C:\WORK\FREERTOS\FREERTOS\DEMO\WIN32-MSVC\DEBUG\EVENTGROUPSDEMO.OBJ
C:\WORK\FREERTOS\FREERTOS\DEMO\WIN32-MSVC\DEBUG\FLOP.OBJ
C:\WORK\FREERTOS\FREERTOS\DEMO\WIN32-MSVC\DEBUG\GENQTEST.OBJ
C:\WORK\FREERTOS\FREERTOS\DEMO\WIN32-MSVC\DEBUG\HEAP_5.OBJ
C:\WORK\FREERTOS\FREERTOS\DEMO\WIN32-MSVC\DEBUG\INTEGER.OBJ
C:\WORK\FREERTOS\FREERTOS\DEMO\WIN32-MSVC\DEBUG\INTSEMTEST.OBJ
C:\work\FreeRTOS\FreeRTOS\Demo\WIN32-MSVC\Debug\link.13180.read.1.tlog
C:\work\FreeRTOS\FreeRTOS\Demo\WIN32-MSVC\Debug\link.13180.write.1.tlog
C:\work\FreeRTOS\FreeRTOS\Demo\WIN32-MSVC\Debug\link.13180-cvtres.read.1.tlog
C:\work\FreeRTOS\FreeRTOS\Demo\WIN32-MSVC\Debug\link.13180-cvtres.write.1.tlog
C:\work\FreeRTOS\FreeRTOS\Demo\WIN32-MSVC\Debug\link.command.1.tlog
C:\work\FreeRTOS\FreeRTOS\Demo\WIN32-MSVC\Debug\link.read.1.tlog
C:\work\FreeRTOS\FreeRTOS\Demo\WIN32-MSVC\Debug\link.write.1.tlog
C:\work\FreeRTOS\FreeRTOS\Demo\WIN32-MSVC\Debug\link-cvtres.read.1.tlog
C:\work\FreeRTOS\FreeRTOS\Demo\WIN32-MSVC\Debug\link-cvtres.write.1.tlog
C:\WORK\FREERTOS\FREERTOS\DEMO\WIN32-MSVC\DEBUG\LIST.OBJ
C:\WORK\FREERTOS\FREERTOS\DEMO\WIN32-MSVC\DEBUG\MAIN.OBJ
C:\WORK\FREERTOS\FREERTOS\DEMO\WIN32-MSVC\DEBUG\MAIN_BLINKY.OBJ
C:\WORK\FREERTOS\FREERTOS\DEMO\WIN32-MSVC\DEBUG\MAIN_FULL.OBJ
C:\WORK\FREERTOS\FREERTOS\DEMO\WIN32-MSVC\DEBUG\MESSAGEBUFFERAMP.OBJ
C:\WORK\FREERTOS\FREERTOS\DEMO\WIN32-MSVC\DEBUG\MESSAGEBUFFERDEMO.OBJ
C:\work\FreeRTOS\FreeRTOS\Demo\WIN32-MSVC\Debug\mt.command.1.tlog
C:\work\FreeRTOS\FreeRTOS\Demo\WIN32-MSVC\Debug\mt.read.1.tlog
C:\work\FreeRTOS\FreeRTOS\Demo\WIN32-MSVC\Debug\mt.write.1.tlog
C:\WORK\FREERTOS\FREERTOS\DEMO\WIN32-MSVC\DEBUG\POLLQ.OBJ
C:\WORK\FREERTOS\FREERTOS\DEMO\WIN32-MSVC\DEBUG\PORT.OBJ
C:\WORK\FREERTOS\FREERTOS\DEMO\WIN32-MSVC\DEBUG\QPEEK.OBJ
C:\WORK\FREERTOS\FREERTOS\DEMO\WIN32-MSVC\DEBUG\QUEUE.OBJ
C:\WORK\FREERTOS\FREERTOS\DEMO\WIN32-MSVC\DEBUG\QUEUEOVERWRITE.OBJ
C:\WORK\FREERTOS\FREERTOS\DEMO\WIN32-MSVC\DEBUG\QUEUESET.OBJ
C:\WORK\FREERTOS\FREERTOS\DEMO\WIN32-MSVC\DEBUG\QUEUESETPOLLING.OBJ
C:\work\FreeRTOS\FreeRTOS\Demo\WIN32-MSVC\Debug\rc.command.1.tlog
C:\work\FreeRTOS\FreeRTOS\Demo\WIN32-MSVC\Debug\rc.read.1.tlog
C:\work\FreeRTOS\FreeRTOS\Demo\WIN32-MSVC\Debug\rc.write.1.tlog
C:\WORK\FREERTOS\FREERTOS\DEMO\WIN32-MSVC\DEBUG\RECMUTEX.OBJ
C:\WORK\FREERTOS\FREERTOS\DEMO\WIN32-MSVC\DEBUG\RTOSDEMO.EXE
C:\WORK\FREERTOS\FREERTOS\DEMO\WIN32-MSVC\DEBUG\RTOSDEMO.EXE.EMBED.MANIFEST
C:\WORK\FREERTOS\FREERTOS\DEMO\WIN32-MSVC\DEBUG\RTOSDEMO.EXE.EMBED.MANIFEST.RES
C:\WORK\FREERTOS\FREERTOS\DEMO\WIN32-MSVC\DEBUG\RTOSDEMO.EXE.INTERMEDIATE.MANIFEST
C:\WORK\FREERTOS\FREERTOS\DEMO\WIN32-MSVC\DEBUG\RTOSDEMO.ILK
C:\work\FreeRTOS\FreeRTOS\Demo\WIN32-MSVC\Debug\RTOSDemo.write.1.tlog
C:\work\FreeRTOS\FreeRTOS\Demo\WIN32-MSVC\Debug\RTOSDemo_manifest.rc
C:\WORK\FREERTOS\FREERTOS\DEMO\WIN32-MSVC\DEBUG\RUN-TIME-STATS-UTILS.OBJ
C:\WORK\FREERTOS\FREERTOS\DEMO\WIN32-MSVC\DEBUG\SEMTEST.OBJ
C:\WORK\FREERTOS\FREERTOS\DEMO\WIN32-MSVC\DEBUG\STATICALLOCATION.OBJ
C:\WORK\FREERTOS\FREERTOS\DEMO\WIN32-MSVC\DEBUG\STREAM_BUFFER.OBJ
C:\WORK\FREERTOS\FREERTOS\DEMO\WIN32-MSVC\DEBUG\STREAMBUFFERDEMO.OBJ
C:\WORK\FREERTOS\FREERTOS\DEMO\WIN32-MSVC\DEBUG\STREAMBUFFERINTERRUPT.OBJ
C:\WORK\FREERTOS\FREERTOS\DEMO\WIN32-MSVC\DEBUG\TASKNOTIFY.OBJ
C:\WORK\FREERTOS\FREERTOS\DEMO\WIN32-MSVC\DEBUG\TASKNOTIFYARRAY.OBJ
C:\WORK\FREERTOS\FREERTOS\DEMO\WIN32-MSVC\DEBUG\TASKS.OBJ
C:\WORK\FREERTOS\FREERTOS\DEMO\WIN32-MSVC\DEBUG\TIMERDEMO.OBJ
C:\WORK\FREERTOS\FREERTOS\DEMO\WIN32-MSVC\DEBUG\TIMERS.OBJ
C:\WORK\FREERTOS\FREERTOS\DEMO\WIN32-MSVC\DEBUG\TRCKERNELPORT.OBJ
C:\WORK\FREERTOS\FREERTOS\DEMO\WIN32-MSVC\DEBUG\TRCSNAPSHOTRECORDER.OBJ
C:\work\FreeRTOS\FreeRTOS\Demo\WIN32-MSVC\Debug\vc100.idb
C:\WORK\FREERTOS\FREERTOS\DEMO\WIN32-MSVC\DEBUG\VC100.PDB
C:\WORK\FREERTOS\FREERTOS\DEMO\WIN32-MSVC\DEBUG\WIN32.PDB
C:\work\FreeRTOS\FreeRTOS\Demo\WIN32-MSVC\Debug\WIN32.vcxprojResolveAssemblyReference.cache
